[0m[[0m[0mdebug[0m] [0m[0m> Exec(test, Some(2db5a65d-b3d4-4373-b083-34d5f2cb7117), Some(CommandSource(console0)))[0m
[0m[[0m[0mdebug[0m] [0m[0mEvaluating tasks: Test / test[0m
[0m[[0m[0mdebug[0m] [0m[0mRunning task... Cancel: Signal, check cycles: false, forcegc: true[0m
[0m[[0m[33mwarn[0m] [0m[0m* * * * * * * * * * * * * * * * * * * * * * * * * * * * * * * * * * * * * * * * * [0m
[0m[[0m[33mwarn[0m] [0m[0m* Lightbend commercial resolver is missing.[0m
[0m[[0m[33mwarn[0m] [0m[0m* [0m
[0m[[0m[33mwarn[0m] [0m[0m* Please refer to the Lightbend Telemetry migration guide for details:[0m
[0m[[0m[33mwarn[0m] [0m[0m*   https://developer.lightbend.com/docs/telemetry/2.14.x/project/migration.html[0m
[0m[[0m[33mwarn[0m] [0m[0m* * * * * * * * * * * * * * * * * * * * * * * * * * * * * * * * * * * * * * * * * [0m
[0m[[0m[0minfo[0m] [0m[0mUpdating [0m
[0m[[0m[0minfo[0m] [0m[0mResolved  dependencies[0m
[0m[[0m[33mwarn[0m] [0m[0m[0m
[0m[[0m[33mwarn[0m] [0m[0m	Note: Unresolved dependencies path:[0m
[0m[[0m[31merror[0m] [0m[0msbt.librarymanagement.ResolveException: Error downloading com.lightbend.cinnamon:cinnamon-prometheus-httpserver:2.15.0[0m
[0m[[0m[31merror[0m] [0m[0m  Not found[0m
[0m[[0m[31merror[0m] [0m[0m  Not found[0m
[0m[[0m[31merror[0m] [0m[0m  not found: /home/victor/.ivy2/local/com.lightbend.cinnamon/cinnamon-prometheus-httpserver/2.15.0/ivys/ivy.xml[0m
[0m[[0m[31merror[0m] [0m[0m  not found: https://repo1.maven.org/maven2/com/lightbend/cinnamon/cinnamon-prometheus-httpserver/2.15.0/cinnamon-prometheus-httpserver-2.15.0.pom[0m
[0m[[0m[31merror[0m] [0m[0mError downloading com.lightbend.akka:akka-diagnostics_2.13:1.1.16[0m
[0m[[0m[31merror[0m] [0m[0m  Not found[0m
[0m[[0m[31merror[0m] [0m[0m  Not found[0m
[0m[[0m[31merror[0m] [0m[0m  not found: /home/victor/.ivy2/local/com.lightbend.akka/akka-diagnostics_2.13/1.1.16/ivys/ivy.xml[0m
[0m[[0m[31merror[0m] [0m[0m  not found: https://repo1.maven.org/maven2/com/lightbend/akka/akka-diagnostics_2.13/1.1.16/akka-diagnostics_2.13-1.1.16.pom[0m
[0m[[0m[31merror[0m] [0m[0mError downloading com.lightbend.cinnamon:cinnamon-prometheus:2.15.0[0m
[0m[[0m[31merror[0m] [0m[0m  Not found[0m
[0m[[0m[31merror[0m] [0m[0m  Not found[0m
[0m[[0m[31merror[0m] [0m[0m  not found: /home/victor/.ivy2/local/com.lightbend.cinnamon/cinnamon-prometheus/2.15.0/ivys/ivy.xml[0m
[0m[[0m[31merror[0m] [0m[0m  not found: https://repo1.maven.org/maven2/com/lightbend/cinnamon/cinnamon-prometheus/2.15.0/cinnamon-prometheus-2.15.0.pom[0m
[0m[[0m[31merror[0m] [0m[0mError downloading com.lightbend.cinnamon:cinnamon-akka-http_2.13:2.15.0[0m
[0m[[0m[31merror[0m] [0m[0m  Not found[0m
[0m[[0m[31merror[0m] [0m[0m  Not found[0m
[0m[[0m[31merror[0m] [0m[0m  not found: /home/victor/.ivy2/local/com.lightbend.cinnamon/cinnamon-akka-http_2.13/2.15.0/ivys/ivy.xml[0m
[0m[[0m[31merror[0m] [0m[0m  not found: https://repo1.maven.org/maven2/com/lightbend/cinnamon/cinnamon-akka-http_2.13/2.15.0/cinnamon-akka-http_2.13-2.15.0.pom[0m
[0m[[0m[31merror[0m] [0m[0mError downloading com.lightbend.cinnamon:cinnamon-jvm-metrics-producer:2.15.0[0m
[0m[[0m[31merror[0m] [0m[0m  Not found[0m
[0m[[0m[31merror[0m] [0m[0m  Not found[0m
[0m[[0m[31merror[0m] [0m[0m  not found: /home/victor/.ivy2/local/com.lightbend.cinnamon/cinnamon-jvm-metrics-producer/2.15.0/ivys/ivy.xml[0m
[0m[[0m[31merror[0m] [0m[0m  not found: https://repo1.maven.org/maven2/com/lightbend/cinnamon/cinnamon-jvm-metrics-producer/2.15.0/cinnamon-jvm-metrics-producer-2.15.0.pom[0m
[0m[[0m[31merror[0m] [0m[0mError downloading com.lightbend.cinnamon:cinnamon-akka_2.13:2.15.0[0m
[0m[[0m[31merror[0m] [0m[0m  Not found[0m
[0m[[0m[31merror[0m] [0m[0m  Not found[0m
[0m[[0m[31merror[0m] [0m[0m  not found: /home/victor/.ivy2/local/com.lightbend.cinnamon/cinnamon-akka_2.13/2.15.0/ivys/ivy.xml[0m
[0m[[0m[31merror[0m] [0m[0m  not found: https://repo1.maven.org/maven2/com/lightbend/cinnamon/cinnamon-akka_2.13/2.15.0/cinnamon-akka_2.13-2.15.0.pom[0m
[0m[[0m[31merror[0m] [0m[0m	at lmcoursier.CoursierDependencyResolution.unresolvedWarningOrThrow(CoursierDependencyResolution.scala:258)[0m
[0m[[0m[31merror[0m] [0m[0m	at lmcoursier.CoursierDependencyResolution.$anonfun$update$38(CoursierDependencyResolution.scala:227)[0m
[0m[[0m[31merror[0m] [0m[0m	at scala.util.Either$LeftProjection.map(Either.scala:573)[0m
[0m[[0m[31merror[0m] [0m[0m	at lmcoursier.CoursierDependencyResolution.update(CoursierDependencyResolution.scala:227)[0m
[0m[[0m[31merror[0m] [0m[0m	at sbt.librarymanagement.DependencyResolution.update(DependencyResolution.scala:60)[0m
[0m[[0m[31merror[0m] [0m[0m	at sbt.internal.LibraryManagement$.resolve$1(LibraryManagement.scala:53)[0m
[0m[[0m[31merror[0m] [0m[0m	at sbt.internal.LibraryManagement$.$anonfun$cachedUpdate$12(LibraryManagement.scala:103)[0m
[0m[[0m[31merror[0m] [0m[0m	at sbt.util.Tracked$.$anonfun$lastOutput$1(Tracked.scala:73)[0m
[0m[[0m[31merror[0m] [0m[0m	at sbt.internal.LibraryManagement$.$anonfun$cachedUpdate$20(LibraryManagement.scala:116)[0m
[0m[[0m[31merror[0m] [0m[0m	at scala.util.control.Exception$Catch.apply(Exception.scala:228)[0m
[0m[[0m[31merror[0m] [0m[0m	at sbt.internal.LibraryManagement$.$anonfun$cachedUpdate$11(LibraryManagement.scala:116)[0m
[0m[[0m[31merror[0m] [0m[0m	at sbt.internal.LibraryManagement$.$anonfun$cachedUpdate$11$adapted(LibraryManagement.scala:97)[0m
[0m[[0m[31merror[0m] [0m[0m	at sbt.util.Tracked$.$anonfun$inputChangedW$1(Tracked.scala:219)[0m
[0m[[0m[31merror[0m] [0m[0m	at sbt.internal.LibraryManagement$.cachedUpdate(LibraryManagement.scala:130)[0m
[0m[[0m[31merror[0m] [0m[0m	at sbt.Classpaths$.$anonfun$updateTask0$5(Defaults.scala:3486)[0m
[0m[[0m[31merror[0m] [0m[0m	at scala.Function1.$anonfun$compose$1(Function1.scala:49)[0m
[0m[[0m[31merror[0m] [0m[0m	at sbt.internal.util.$tilde$greater.$anonfun$$u2219$1(TypeFunctions.scala:62)[0m
[0m[[0m[31merror[0m] [0m[0m	at sbt.std.Transform$$anon$4.work(Transform.scala:68)[0m
[0m[[0m[31merror[0m] [0m[0m	at sbt.Execute.$anonfun$submit$2(Execute.scala:282)[0m
[0m[[0m[31merror[0m] [0m[0m	at sbt.internal.util.ErrorHandling$.wideConvert(ErrorHandling.scala:23)[0m
[0m[[0m[31merror[0m] [0m[0m	at sbt.Execute.work(Execute.scala:291)[0m
[0m[[0m[31merror[0m] [0m[0m	at sbt.Execute.$anonfun$submit$1(Execute.scala:282)[0m
[0m[[0m[31merror[0m] [0m[0m	at sbt.ConcurrentRestrictions$$anon$4.$anonfun$submitValid$1(ConcurrentRestrictions.scala:265)[0m
[0m[[0m[31merror[0m] [0m[0m	at sbt.CompletionService$$anon$2.call(CompletionService.scala:64)[0m
[0m[[0m[31merror[0m] [0m[0m	at java.base/java.util.concurrent.FutureTask.run(FutureTask.java:264)[0m
[0m[[0m[31merror[0m] [0m[0m	at java.base/java.util.concurrent.Executors$RunnableAdapter.call(Executors.java:515)[0m
[0m[[0m[31merror[0m] [0m[0m	at java.base/java.util.concurrent.FutureTask.run(FutureTask.java:264)[0m
[0m[[0m[31merror[0m] [0m[0m	at java.base/java.util.concurrent.ThreadPoolExecutor.runWorker(ThreadPoolExecutor.java:1128)[0m
[0m[[0m[31merror[0m] [0m[0m	at java.base/java.util.concurrent.ThreadPoolExecutor$Worker.run(ThreadPoolExecutor.java:628)[0m
[0m[[0m[31merror[0m] [0m[0m	at java.base/java.lang.Thread.run(Thread.java:829)[0m
[0m[[0m[31merror[0m] [0m[0m([31mupdate[0m) sbt.librarymanagement.ResolveException: Error downloading com.lightbend.cinnamon:cinnamon-prometheus-httpserver:2.15.0[0m
[0m[[0m[31merror[0m] [0m[0m  Not found[0m
[0m[[0m[31merror[0m] [0m[0m  Not found[0m
[0m[[0m[31merror[0m] [0m[0m  not found: /home/victor/.ivy2/local/com.lightbend.cinnamon/cinnamon-prometheus-httpserver/2.15.0/ivys/ivy.xml[0m
[0m[[0m[31merror[0m] [0m[0m  not found: https://repo1.maven.org/maven2/com/lightbend/cinnamon/cinnamon-prometheus-httpserver/2.15.0/cinnamon-prometheus-httpserver-2.15.0.pom[0m
[0m[[0m[31merror[0m] [0m[0mError downloading com.lightbend.akka:akka-diagnostics_2.13:1.1.16[0m
[0m[[0m[31merror[0m] [0m[0m  Not found[0m
[0m[[0m[31merror[0m] [0m[0m  Not found[0m
[0m[[0m[31merror[0m] [0m[0m  not found: /home/victor/.ivy2/local/com.lightbend.akka/akka-diagnostics_2.13/1.1.16/ivys/ivy.xml[0m
[0m[[0m[31merror[0m] [0m[0m  not found: https://repo1.maven.org/maven2/com/lightbend/akka/akka-diagnostics_2.13/1.1.16/akka-diagnostics_2.13-1.1.16.pom[0m
[0m[[0m[31merror[0m] [0m[0mError downloading com.lightbend.cinnamon:cinnamon-prometheus:2.15.0[0m
[0m[[0m[31merror[0m] [0m[0m  Not found[0m
[0m[[0m[31merror[0m] [0m[0m  Not found[0m
[0m[[0m[31merror[0m] [0m[0m  not found: /home/victor/.ivy2/local/com.lightbend.cinnamon/cinnamon-prometheus/2.15.0/ivys/ivy.xml[0m
[0m[[0m[31merror[0m] [0m[0m  not found: https://repo1.maven.org/maven2/com/lightbend/cinnamon/cinnamon-prometheus/2.15.0/cinnamon-prometheus-2.15.0.pom[0m
[0m[[0m[31merror[0m] [0m[0mError downloading com.lightbend.cinnamon:cinnamon-akka-http_2.13:2.15.0[0m
[0m[[0m[31merror[0m] [0m[0m  Not found[0m
[0m[[0m[31merror[0m] [0m[0m  Not found[0m
[0m[[0m[31merror[0m] [0m[0m  not found: /home/victor/.ivy2/local/com.lightbend.cinnamon/cinnamon-akka-http_2.13/2.15.0/ivys/ivy.xml[0m
[0m[[0m[31merror[0m] [0m[0m  not found: https://repo1.maven.org/maven2/com/lightbend/cinnamon/cinnamon-akka-http_2.13/2.15.0/cinnamon-akka-http_2.13-2.15.0.pom[0m
[0m[[0m[31merror[0m] [0m[0mError downloading com.lightbend.cinnamon:cinnamon-jvm-metrics-producer:2.15.0[0m
[0m[[0m[31merror[0m] [0m[0m  Not found[0m
[0m[[0m[31merror[0m] [0m[0m  Not found[0m
[0m[[0m[31merror[0m] [0m[0m  not found: /home/victor/.ivy2/local/com.lightbend.cinnamon/cinnamon-jvm-metrics-producer/2.15.0/ivys/ivy.xml[0m
[0m[[0m[31merror[0m] [0m[0m  not found: https://repo1.maven.org/maven2/com/lightbend/cinnamon/cinnamon-jvm-metrics-producer/2.15.0/cinnamon-jvm-metrics-producer-2.15.0.pom[0m
[0m[[0m[31merror[0m] [0m[0mError downloading com.lightbend.cinnamon:cinnamon-akka_2.13:2.15.0[0m
[0m[[0m[31merror[0m] [0m[0m  Not found[0m
[0m[[0m[31merror[0m] [0m[0m  Not found[0m
[0m[[0m[31merror[0m] [0m[0m  not found: /home/victor/.ivy2/local/com.lightbend.cinnamon/cinnamon-akka_2.13/2.15.0/ivys/ivy.xml[0m
[0m[[0m[31merror[0m] [0m[0m  not found: https://repo1.maven.org/maven2/com/lightbend/cinnamon/cinnamon-akka_2.13/2.15.0/cinnamon-akka_2.13-2.15.0.pom[0m
[0m[[0m[31merror[0m] [0m[0mTotal time: 3 s, completed Feb 6, 2023, 10:55:06 AM[0m
[0m[[0m[0mdebug[0m] [0m[0m> Exec(shell, None, None)[0m
[0m[[0m[0mdebug[0m] [0m[0mForcing garbage collection...[0m
[0m[[0m[33mwarn[0m] [0m[0mIn the last 4414 seconds, 56.803 (1.3%) were spent in GC. [Heap: 0.94GB free of 1.00GB, max 1.00GB] Consider increasing the JVM heap using `-Xmx` or try a different collector, e.g. `-XX:+UseG1GC`, for better performance.[0m
