[0m[[0m[0mdebug[0m] [0m[0m> Exec(early(addDefaultCommands), None, None)[0m
[0m[[0m[0mdebug[0m] [0m[0m> Exec(addDefaultCommands, None, None)[0m
[0m[[0m[0mdebug[0m] [0m[0m> Exec(early(initialize), None, None)[0m
[0m[[0m[0mdebug[0m] [0m[0m> Exec(initialize, None, None)[0m
[0m[[0m[0mdebug[0m] [0m[0m> Exec(boot, None, None)[0m
[0m[[0m[0mdebug[0m] [0m[0m> Exec(writeSbtVersion, None, None)[0m
[0m[[0m[0mdebug[0m] [0m[0m> Exec(reload, None, None)[0m
[0m[[0m[0mdebug[0m] [0m[0m> Exec(sbtStashOnFailure, None, None)[0m
[0m[[0m[0mdebug[0m] [0m[0m> Exec(onFailure loadFailed, None, None)[0m
[0m[[0m[0mdebug[0m] [0m[0m> Exec(loadp, None, None)[0m
[0m[[0m[0minfo[0m] [0m[0mwelcome to sbt 1.4.5 (Ubuntu Java 11.0.17)[0m
[0m[[0m[0mdebug[0m] [0m[0m      Load.loadUnit: plugins took 77.738815ms[0m
[0m[[0m[0mdebug[0m] [0m[0m      Load.loadUnit: defsScala took 0.26825ms[0m
[0m[[0m[0mdebug[0m] [0m[0m[Loading] Scanning directory /home/victor/.sbt/1.0/plugins[0m
[0m[[0m[0mdebug[0m] [0m[0m[Loading] Found non-root projects [0m
[0m[[0m[0mdebug[0m] [0m[0m[Loading] Done in /home/victor/.sbt/1.0/plugins, returning: ()[0m
[0m[[0m[0mdebug[0m] [0m[0mdeducing auto plugins based on known facts Set(Atom(sbt.plugins.CorePlugin)) and clauses Clauses(List(Clause(Atom(sbt.plugins.JvmPlugin),Set(Atom(sbt.plugins.IvyPlugin))), Clause(Atom(sbt.ScriptedPlugin),Set(Atom(sbt.plugins.JvmPlugin))), Clause(Atom(sbt.plugins.SbtPlugin),Set(Atom(sbt.ScriptedPlugin))), Clause(Atom(sbt.plugins.SemanticdbPlugin),Set(Atom(sbt.plugins.JvmPlugin))), Clause(Atom(sbt.plugins.JUnitXmlReportPlugin),Set(Atom(sbt.plugins.JvmPlugin))), Clause(Atom(sbt.plugins.MiniDependencyTreePlugin),Set(Atom(sbt.plugins.JvmPlugin))), Clause(Atom(sbt.plugins.CorePlugin),Set(Atom(sbt.plugins.IvyPlugin))), Clause(Atom(sbt.plugins.IvyPlugin),Set(Atom(sbt.plugins.JvmPlugin))), Clause(Atom(sbt.plugins.JvmPlugin),Set(Atom(sbt.plugins.SemanticdbPlugin))), Clause(Atom(sbt.plugins.JvmPlugin),Set(Atom(sbt.plugins.JUnitXmlReportPlugin))), Clause(Atom(sbt.plugins.CorePlugin),Set(Atom(sbt.plugins.Giter8TemplatePlugin))), Clause(Atom(sbt.plugins.JvmPlugin),Set(Atom(sbt.plugins.MiniDependencyTreePlugin)))))[0m
[0m[[0m[0mdebug[0m] [0m[0m  :: deduced result: Matched(sbt.plugins.CorePlugin,sbt.plugins.Giter8TemplatePlugin,sbt.plugins.IvyPlugin,sbt.plugins.JvmPlugin,sbt.plugins.MiniDependencyTreePlugin,sbt.plugins.JUnitXmlReportPlugin,sbt.plugins.SemanticdbPlugin)[0m
[0m[[0m[0mdebug[0m] [0m[0mPlugins.deducer#function took 34.049839 ms[0m
[0m[[0m[0mdebug[0m] [0m[0m          Load.resolveProject(global-plugins) took 174.70948ms[0m
[0m[[0m[0mdebug[0m] [0m[0m        Load.loadTransitive: finalizeProject(Project(id global-plugins, base: /home/victor/.sbt/1.0/plugins, plugins: List(<none>))) took 232.355811ms[0m
[0m[[0m[0mdebug[0m] [0m[0m[Loading] Done in /home/victor/.sbt/1.0/plugins, returning: (global-plugins)[0m
[0m[[0m[0mdebug[0m] [0m[0m      Load.loadUnit: loadedProjectsRaw took 251.66073ms[0m
[0m[[0m[0mdebug[0m] [0m[0m      Load.loadUnit: cleanEvalClasses took 0.305076ms[0m
[0m[[0m[0mdebug[0m] [0m[0m    Load.loadUnit(file:/home/victor/.sbt/1.0/plugins/, ...) took 339.127783ms[0m
[0m[[0m[0mdebug[0m] [0m[0m  Load.apply: load took 699.715743ms[0m
[0m[[0m[0mdebug[0m] [0m[0m  Load.apply: resolveProjects took 6.295349ms[0m
[0m[[0m[0mdebug[0m] [0m[0m  Load.apply: finalTransforms took 90.829377ms[0m
[0m[[0m[0mdebug[0m] [0m[0m  Load.apply: config.delegates took 10.841799ms[0m
[0m[[0m[0mdebug[0m] [0m[0m  Load.apply: Def.make(settings)... took 828.576872ms[0m
[0m[[0m[0mdebug[0m] [0m[0m  Load.apply: structureIndex took 207.298445ms[0m
[0m[[0m[0mdebug[0m] [0m[0m  Load.apply: mkStreams took 18.331973ms[0m
[0m[[0m[0minfo[0m] [0m[0mloading global plugins from /home/victor/.sbt/1.0/plugins[0m
[0m[[0m[0mdebug[0m] [0m[0mRunning task... Cancel: Signal, check cycles: false, forcegc: true[0m
[0m[[0m[0mdebug[0m] [0m[0mLoad.defaultLoad until apply took 14610.717668ms[0m
[0m[[0m[0mdebug[0m] [0m[0m          Load.loadUnit: plugins took 20.59218ms[0m
[0m[[0m[0mdebug[0m] [0m[0m          Load.loadUnit: defsScala took 0.004654ms[0m
[0m[[0m[0mdebug[0m] [0m[0m[Loading] Scanning directory /home/victor/Documents/dev/1-Software-Development/scala/trainee_program_scala/module 12 - akka_cluster_sharding/LAC-Sharding-v1/exercises/scala/project[0m
[0m[[0m[0mdebug[0m] [0m[0m            Load.loadUnit: mkEval took 7.347629ms[0m
[0m[[0m[0mdebug[0m] [0m[0m[Loading] Found non-root projects [0m
[0m[[0m[0mdebug[0m] [0m[0m[Loading] Done in /home/victor/Documents/dev/1-Software-Development/scala/trainee_program_scala/module 12 - akka_cluster_sharding/LAC-Sharding-v1/exercises/scala/project, returning: ()[0m
[0m[[0m[0mdebug[0m] [0m[0mdeducing auto plugins based on known facts Set(Atom(sbt.plugins.CorePlugin)) and clauses Clauses(List(Clause(Atom(sbt.plugins.JvmPlugin),Set(Atom(sbt.plugins.IvyPlugin))), Clause(Atom(sbt.ScriptedPlugin),Set(Atom(sbt.plugins.JvmPlugin))), Clause(Atom(sbt.plugins.SbtPlugin),Set(Atom(sbt.ScriptedPlugin))), Clause(Atom(sbt.plugins.SemanticdbPlugin),Set(Atom(sbt.plugins.JvmPlugin))), Clause(Atom(sbt.plugins.JUnitXmlReportPlugin),Set(Atom(sbt.plugins.JvmPlugin))), Clause(Atom(sbt.plugins.MiniDependencyTreePlugin),Set(Atom(sbt.plugins.JvmPlugin))), Clause(Atom(sbt.plugins.CorePlugin),Set(Atom(sbt.plugins.IvyPlugin))), Clause(Atom(sbt.plugins.IvyPlugin),Set(Atom(sbt.plugins.JvmPlugin))), Clause(Atom(sbt.plugins.JvmPlugin),Set(Atom(sbt.plugins.SemanticdbPlugin))), Clause(Atom(sbt.plugins.JvmPlugin),Set(Atom(sbt.plugins.JUnitXmlReportPlugin))), Clause(Atom(sbt.plugins.CorePlugin),Set(Atom(sbt.plugins.Giter8TemplatePlugin))), Clause(Atom(sbt.plugins.JvmPlugin),Set(Atom(sbt.plugins.MiniDependencyTreePlugin)))))[0m
[0m[[0m[0mdebug[0m] [0m[0m  :: deduced result: Matched(sbt.plugins.CorePlugin,sbt.plugins.Giter8TemplatePlugin,sbt.plugins.IvyPlugin,sbt.plugins.JvmPlugin,sbt.plugins.MiniDependencyTreePlugin,sbt.plugins.JUnitXmlReportPlugin,sbt.plugins.SemanticdbPlugin)[0m
[0m[[0m[0mdebug[0m] [0m[0mPlugins.deducer#function took 1.570827 ms[0m
[0m[[0m[0minfo[0m] [0m[0mloading settings for project scala-build from plugins.sbt ...[0m
[0m[[0m[0mdebug[0m] [0m[0m              Load.resolveProject(scala-build) took 12.646103ms[0m
[0m[[0m[0mdebug[0m] [0m[0m            Load.loadTransitive: finalizeProject(Project(id scala-build, base: /home/victor/Documents/dev/1-Software-Development/scala/trainee_program_scala/module 12 - akka_cluster_sharding/LAC-Sharding-v1/exercises/scala/project, plugins: List(<none>))) took 14.755788ms[0m
[0m[[0m[0mdebug[0m] [0m[0m[Loading] Done in /home/victor/Documents/dev/1-Software-Development/scala/trainee_program_scala/module 12 - akka_cluster_sharding/LAC-Sharding-v1/exercises/scala/project, returning: (scala-build)[0m
[0m[[0m[0mdebug[0m] [0m[0m          Load.loadUnit: loadedProjectsRaw took 291.442421ms[0m
[0m[[0m[0mdebug[0m] [0m[0m          Load.loadUnit: cleanEvalClasses took 3.178669ms[0m
[0m[[0m[0mdebug[0m] [0m[0m        Load.loadUnit(file:/home/victor/Documents/dev/1-Software-Development/scala/trainee_program_scala/module%2012%20-%20akka_cluster_sharding/LAC-Sharding-v1/exercises/scala/project/, ...) took 315.992071ms[0m
[0m[[0m[0mdebug[0m] [0m[0m      Load.apply: load took 317.514317ms[0m
[0m[[0m[0mdebug[0m] [0m[0m      Load.apply: resolveProjects took 0.102997ms[0m
[0m[[0m[0mdebug[0m] [0m[0m      Load.apply: finalTransforms took 8.774561ms[0m
[0m[[0m[0mdebug[0m] [0m[0m      Load.apply: config.delegates took 0.333246ms[0m
[0m[[0m[0mdebug[0m] [0m[0m      Load.apply: Def.make(settings)... took 111.582207ms[0m
[0m[[0m[0mdebug[0m] [0m[0m      Load.apply: structureIndex took 47.20351ms[0m
[0m[[0m[0mdebug[0m] [0m[0m      Load.apply: mkStreams took 0.002819ms[0m
[0m[[0m[0minfo[0m] [0m[0mloading project definition from /home/victor/Documents/dev/1-Software-Development/scala/trainee_program_scala/module 12 - akka_cluster_sharding/LAC-Sharding-v1/exercises/scala/project[0m
[0m[[0m[0mdebug[0m] [0m[0mRunning task... Cancel: Signal, check cycles: false, forcegc: true[0m
[0m[[0m[0minfo[0m] [0m[0mcompiling 1 Scala source to /home/victor/Documents/dev/1-Software-Development/scala/trainee_program_scala/module 12 - akka_cluster_sharding/LAC-Sharding-v1/exercises/scala/project/target/scala-2.12/sbt-1.0/classes ...[0m
[0m[[0m[0mdebug[0m] [0m[0m    Load.loadUnit: plugins took 10103.606373ms[0m
[0m[[0m[0mdebug[0m] [0m[0m    Load.loadUnit: defsScala took 0.004038ms[0m
[0m[[0m[0mdebug[0m] [0m[0m[Loading] Scanning directory /home/victor/Documents/dev/1-Software-Development/scala/trainee_program_scala/module 12 - akka_cluster_sharding/LAC-Sharding-v1/exercises/scala[0m
[0m[[0m[0mdebug[0m] [0m[0m      Load.loadUnit: mkEval took 0.256547ms[0m
[0m[[0m[0mdebug[0m] [0m[0m[Loading] Found non-root projects [0m
[0m[[0m[0mdebug[0m] [0m[0m[Loading] Done in /home/victor/Documents/dev/1-Software-Development/scala/trainee_program_scala/module 12 - akka_cluster_sharding/LAC-Sharding-v1/exercises/scala, returning: ()[0m
[0m[[0m[0mdebug[0m] [0m[0mdeducing auto plugins based on known facts Set(Atom(com.lightbend.cinnamon.sbt.Cinnamon), Atom(sbt.plugins.CorePlugin)) and clauses Clauses(List(Clause(Atom(com.lightbend.sbt.javaagent.JavaAgentPackaging$NoPlugin),Set(Atom(sbt.plugins.JvmPlugin))), Clause(Atom(sbt.plugins.JvmPlugin),Set(Atom(sbt.plugins.IvyPlugin))), Clause(Atom(sbt.ScriptedPlugin),Set(Atom(sbt.plugins.JvmPlugin))), Clause(Atom(sbt.plugins.SbtPlugin),Set(Atom(sbt.ScriptedPlugin))), Clause(Atom(sbt.plugins.SemanticdbPlugin),Set(Atom(sbt.plugins.JvmPlugin))), Clause(Atom(sbt.plugins.JUnitXmlReportPlugin),Set(Atom(sbt.plugins.JvmPlugin))), Clause(Atom(sbt.plugins.MiniDependencyTreePlugin),Set(Atom(sbt.plugins.JvmPlugin))), Clause(Atom(com.lightbend.cinnamon.sbt.Cinnamon),Set(Atom(com.lightbend.cinnamon.sbt.CinnamonAgentOnly))), Clause(Atom(com.lightbend.cinnamon.sbt.CinnamonAgentOnly),Set(Atom(com.lightbend.sbt.javaagent.JavaAgent))), Clause(Atom(com.lightbend.sbt.javaagent.JavaAgent),Set(Atom(sbt.plugins.JvmPlugin))), Clause(Atom(com.lightbend.sbt.javaagent.JavaAgentPackaging),Set(Atom(com.lightbend.sbt.javaagent.JavaAgent))), Clause(Atom(com.lightbend.sbt.javaagent.JavaAgentPackaging),Set(Atom(com.lightbend.sbt.javaagent.JavaAgentPackaging$NoPlugin))), Clause(Atom(Navigation),Set(Atom(sbt.plugins.JvmPlugin))), Clause(Atom(sbt.plugins.CorePlugin),Set(Atom(sbt.plugins.IvyPlugin))), Clause(Atom(sbt.plugins.IvyPlugin),Set(Atom(sbt.plugins.JvmPlugin))), Clause(Atom(sbt.plugins.JvmPlugin),Set(Atom(sbt.plugins.SemanticdbPlugin))), Clause(Atom(sbt.plugins.JvmPlugin),Set(Atom(sbt.plugins.JUnitXmlReportPlugin))), Clause(Atom(sbt.plugins.CorePlugin),Set(Atom(sbt.plugins.Giter8TemplatePlugin))), Clause(Atom(sbt.plugins.JvmPlugin),Set(Atom(sbt.plugins.MiniDependencyTreePlugin))), Clause(And(Set(Atom(com.lightbend.sbt.javaagent.JavaAgent), Atom(com.lightbend.sbt.javaagent.JavaAgentPackaging$NoPlugin))),Set(Atom(com.lightbend.sbt.javaagent.JavaAgentPackaging))), Clause(Atom(sbt.plugins.JvmPlugin),Set(Atom(Navigation)))))[0m
[0m[[0m[0mdebug[0m] [0m[0m  :: deduced result: Matched(sbt.plugins.CorePlugin,com.lightbend.cinnamon.sbt.Cinnamon,sbt.plugins.Giter8TemplatePlugin,sbt.plugins.IvyPlugin,com.lightbend.cinnamon.sbt.CinnamonAgentOnly,sbt.plugins.JvmPlugin,com.lightbend.sbt.javaagent.JavaAgent,Navigation,sbt.plugins.MiniDependencyTreePlugin,sbt.plugins.JUnitXmlReportPlugin,sbt.plugins.SemanticdbPlugin)[0m
[0m[[0m[0mdebug[0m] [0m[0mPlugins.deducer#function took 10.102143 ms[0m
[0m[[0m[0minfo[0m] [0m[0mloading settings for project scala from build.sbt ...[0m
[0m[[0m[0mdebug[0m] [0m[0m        Load.resolveProject(scala) took 12.404327ms[0m
[0m[[0m[0mdebug[0m] [0m[0m      Load.loadTransitive: finalizeProject(Project(id scala, base: /home/victor/Documents/dev/1-Software-Development/scala/trainee_program_scala/module 12 - akka_cluster_sharding/LAC-Sharding-v1/exercises/scala, plugins: List(<none>))) took 28.818847ms[0m
[0m[[0m[0mdebug[0m] [0m[0m[Loading] Done in /home/victor/Documents/dev/1-Software-Development/scala/trainee_program_scala/module 12 - akka_cluster_sharding/LAC-Sharding-v1/exercises/scala, returning: (scala)[0m
[0m[[0m[0mdebug[0m] [0m[0m    Load.loadUnit: loadedProjectsRaw took 6022.439918ms[0m
[0m[[0m[0mdebug[0m] [0m[0m    Load.loadUnit: cleanEvalClasses took 20.007457ms[0m
[0m[[0m[0mdebug[0m] [0m[0m  Load.loadUnit(file:/home/victor/Documents/dev/1-Software-Development/scala/trainee_program_scala/module%2012%20-%20akka_cluster_sharding/LAC-Sharding-v1/exercises/scala/, ...) took 16146.876296ms[0m
[0m[[0m[0mdebug[0m] [0m[0mLoad.apply: load took 16151.039435ms[0m
[0m[[0m[0mdebug[0m] [0m[0mLoad.apply: resolveProjects took 0.133146ms[0m
[0m[[0m[0mdebug[0m] [0m[0mLoad.apply: finalTransforms took 16.383084ms[0m
[0m[[0m[0mdebug[0m] [0m[0mLoad.apply: config.delegates took 0.63453ms[0m
[0m[[0m[0mdebug[0m] [0m[0mLoad.apply: Def.make(settings)... took 133.322228ms[0m
[0m[[0m[0mdebug[0m] [0m[0mLoad.apply: structureIndex took 50.508963ms[0m
[0m[[0m[0mdebug[0m] [0m[0mLoad.apply: mkStreams took 0.002971ms[0m
[0m[[0m[0minfo[0m] [0m[0mset current project to orders (in build file:/home/victor/Documents/dev/1-Software-Development/scala/trainee_program_scala/module%2012%20-%20akka_cluster_sharding/LAC-Sharding-v1/exercises/scala/)[0m
[0m[[0m[0mdebug[0m] [0m[0m> Exec(sbtPopOnFailure, None, None)[0m
[0m[[0m[0mdebug[0m] [0m[0m> Exec(resumeFromFailure, None, None)[0m
[0m[[0m[0mdebug[0m] [0m[0m> Exec(notifyUsersAboutShell, None, None)[0m
[0m[[0m[0mdebug[0m] [0m[0m> Exec(iflast shell, None, None)[0m
[0m[[0m[0mdebug[0m] [0m[0m> Exec(shell, None, None)[0m
[0m[[0m[0minfo[0m] [0m[0msbt server started at local:///home/victor/.sbt/1.0/server/a5db27417f06bbabaefa/sock[0m
[0m[[0m[0minfo[0m] [0m[0mstarted sbt server[0m
